<?xml version="1.0" encoding="UTF-8"?>
<!-- Generated by org.testng.reporters.JUnitReportReporter -->
<testsuite skipped="0" hostname="DESKTOP-0KBJ08G" name="com.vtiger.testScript.CreateQuotesTest" tests="1" failures="0" timestamp="2020-01-05T23:48:27 IST" time="77.839" errors="0">
  <testcase name="createQuotecreateOrganization" time="77.839" classname="com.vtiger.testScript.CreateQuotesTest"/>
  <system-out>
Quote Got Created Duplicate Record Created  </system-out>
</testsuite> <!-- com.vtiger.testScript.CreateQuotesTest -->
