<?xml version="1.0" encoding="UTF-8"?>
<!-- Generated by org.testng.reporters.JUnitReportReporter -->
<testsuite skipped="0" hostname="DESKTOP-0KBJ08G" name="com.vtiger.testScript.CreateCampaignTest" tests="1" failures="0" timestamp="2020-01-05T23:48:27 IST" time="82.405" errors="0">
  <testcase name="createCampaignInVtiger" time="82.405" classname="com.vtiger.testScript.CreateCampaignTest"/>
  <system-out>
Campaign Got Created  </system-out>
</testsuite> <!-- com.vtiger.testScript.CreateCampaignTest -->
